2026-04-25 15:00:13.384 xcodebuild[86699:2782201] Writing error result bundle to /var/folders/jr/pf0gx87j70b3009qt66czl9c0000gn/T/ResultBundle_2026-25-04_15-00-0013.xcresult
xcodebuild: error: Unable to find a device matching the provided destination specifier:
		{ platform:iOS Simulator, OS:latest, name:iPhone 15 }

	The requested device could not be found because no available devices matched the request.

	Available destinations for the "Gangio" scheme:
		{ platform:iOS, arch:arm64, id:00008130-000E1D0E3AF0001C, name:yigit’s iPhone }
		{ platform:iOS, id:dvtdevice-DVTiPhonePlaceholder-iphoneos:placeholder, name:Any iOS Device }
		{ platform:iOS Simulator, id:dvtdevice-DVTiOSDeviceSimulatorPlaceholder-iphonesimulator:placeholder, name:Any iOS Simulator Device }
		{ platform:iOS Simulator, arch:arm64, id:8CC6A329-C81B-4850-938A-353BE603CFFD, OS:26.2, name:iPad (A16) }
		{ platform:iOS Simulator, arch:arm64, id:30832168-8F0E-460D-8F91-B2ECA978658F, OS:26.2, name:iPad Air 11-inch (M3) }
		{ platform:iOS Simulator, arch:arm64, id:12EC03EF-3BAB-44B5-9873-1B574463E494, OS:26.2, name:iPad Air 13-inch (M3) }
		{ platform:iOS Simulator, arch:arm64, id:2D2F00B3-4F31-46AA-B3F3-2438EF075940, OS:26.2, name:iPad Pro 11-inch (M5) }
		{ platform:iOS Simulator, arch:arm64, id:68C91C9A-CEF0-4539-97FD-97D256D2A87E, OS:26.2, name:iPad Pro 13-inch (M5) }
		{ platform:iOS Simulator, arch:arm64, id:B23CF512-C6E0-4A21-8FB0-A2E75B992DFC, OS:26.2, name:iPad mini (A17 Pro) }
		{ platform:iOS Simulator, arch:arm64, id:5A0AD625-A417-433F-882F-B74671B8C7F4, OS:26.2, name:iPhone 16e }
		{ platform:iOS Simulator, arch:arm64, id:690F4036-FCF7-492A-B7BA-9170164A98A0, OS:26.2, name:iPhone 17 }
		{ platform:iOS Simulator, arch:arm64, id:73C99240-351A-4313-8B61-F30BC4D70E33, OS:26.2, name:iPhone 17 Pro }
		{ platform:iOS Simulator, arch:arm64, id:EEDC315B-CCED-4C52-9B26-9393292CCD39, OS:26.2, name:iPhone 17 Pro Max }
		{ platform:iOS Simulator, arch:arm64, id:35AC4890-112E-4D9C-AD7A-49F382A7CA28, OS:26.2, name:iPhone Air }

	Ineligible destinations for the "Gangio" scheme:
		{ platform:tvOS, id:dvtdevice-DVTiOSDevicePlaceholder-appletvos:placeholder, name:Any tvOS Device, error:tvOS 26.2 is not installed. Please download and install the platform from Xcode > Settings > Components. }
